<?xml version="1.0" encoding="UTF-8"?>
<!-- Generated by org.testng.reporters.JUnitReportReporter -->
<testsuite hostname="users-MacBook-Pro.local" failures="0" tests="1" name="com.assignmentseven.GmailvVerifification" time="17.557" errors="0" timestamp="2022-05-25T22:27:23 PDT" skipped="0">
  <testcase classname="com.assignmentseven.GmailvVerifification" name="openBrowser" time="17.557"/>
  <system-out/>
</testsuite> <!-- com.assignmentseven.GmailvVerifification -->
