<?xml version="1.0" encoding="UTF-8"?>
<!-- Generated by org.testng.reporters.JUnitReportReporter -->
<testsuite hostname="users-MacBook-Pro.local" failures="0" tests="1" name="com.droppablewebpage.Handlingiframe" time="16.068" errors="0" timestamp="2022-05-24T17:25:08 PDT" skipped="0">
  <testcase classname="com.droppablewebpage.Handlingiframe" name="openBrowser" time="16.068"/>
  <system-out/>
</testsuite> <!-- com.droppablewebpage.Handlingiframe -->
