<?xml version="1.0" encoding="UTF-8"?>
<!-- Generated by org.testng.reporters.JUnitReportReporter -->
<testsuite hostname="users-MacBook-Pro.local" failures="0" tests="1" name="com.crossbrowser.BrowserTesting" time="12.154" errors="0" timestamp="2022-05-22T22:54:52 PDT" skipped="0">
  <testcase classname="com.crossbrowser.BrowserTesting" name="closeWindow" time="12.154"/>
  <system-out/>
</testsuite> <!-- com.crossbrowser.BrowserTesting -->
