<?xml version="1.0" encoding="UTF-8"?>
<!-- Generated by org.testng.reporters.JUnitReportReporter -->
<testsuite hostname="users-MacBook-Pro.local" failures="0" tests="1" name="com.droppablewebpage.DragandDrop" time="1.480" errors="0" timestamp="2022-05-25T15:58:39 PDT" skipped="0">
  <testcase classname="com.droppablewebpage.DragandDrop" name="handleFrame" time="1.480"/>
  <system-out/>
</testsuite> <!-- com.droppablewebpage.DragandDrop -->
