<?xml version="1.0" encoding="UTF-8"?>
<!-- Generated by org.testng.reporters.JUnitReportReporter -->
<testsuite hostname="users-MacBook-Pro.local" failures="0" tests="1" name="com.thirdsenario.MultipleBrowsers" time="30.489" errors="0" timestamp="2022-05-22T21:15:56 PDT" skipped="0">
  <testcase classname="com.thirdsenario.MultipleBrowsers" name="excuteMeth" time="30.489"/>
  <system-out/>
</testsuite> <!-- com.thirdsenario.MultipleBrowsers -->
