<?xml version="1.0" encoding="UTF-8"?>
<!-- Generated by org.testng.reporters.JUnitReportReporter -->
<testsuite hostname="users-MacBook-Pro.local" failures="0" tests="1" name="com.selefirefox.Openfirefox" time="10.640" errors="0" timestamp="2022-05-22T10:32:06 PDT" skipped="0">
  <testcase classname="com.selefirefox.Openfirefox" name="multipleWindow" time="10.640"/>
  <system-out/>
</testsuite> <!-- com.selefirefox.Openfirefox -->
